TN:
SF:controllers/authController.ts
FN:11,(anonymous_0)
FN:17,(anonymous_1)
FN:47,(anonymous_2)
FNF:3
FNH:3
FNDA:7,(anonymous_0)
FNDA:8,(anonymous_1)
FNDA:3,(anonymous_2)
DA:5,2
DA:7,2
DA:8,0
DA:11,2
DA:12,7
DA:17,2
DA:18,8
DA:19,8
DA:21,8
DA:22,1
DA:25,7
DA:26,7
DA:27,1
DA:30,6
DA:32,6
DA:34,6
DA:43,0
DA:47,2
DA:48,3
DA:49,3
DA:50,3
DA:52,3
DA:53,0
DA:56,3
DA:58,3
DA:59,1
DA:62,2
DA:64,2
DA:65,1
DA:68,1
DA:70,1
DA:79,0
LF:32
LH:28
BRDA:7,0,0,0
BRDA:7,0,1,2
BRDA:21,1,0,1
BRDA:21,1,1,7
BRDA:21,2,0,8
BRDA:21,2,1,7
BRDA:21,2,2,7
BRDA:26,3,0,1
BRDA:26,3,1,6
BRDA:52,4,0,0
BRDA:52,4,1,3
BRDA:52,5,0,3
BRDA:52,5,1,3
BRDA:58,6,0,1
BRDA:58,6,1,2
BRDA:64,7,0,1
BRDA:64,7,1,1
BRF:17
BRH:15
end_of_record
TN:
SF:controllers/taskController.ts
FN:5,(anonymous_0)
FN:28,(anonymous_1)
FN:53,(anonymous_2)
FN:81,(anonymous_3)
FNF:4
FNH:4
FNDA:1,(anonymous_0)
FNDA:1,(anonymous_1)
FNDA:1,(anonymous_2)
FNDA:1,(anonymous_3)
DA:5,1
DA:6,1
DA:7,1
DA:9,1
DA:10,1
DA:11,1
DA:12,0
DA:15,1
DA:19,1
DA:21,1
DA:23,0
DA:24,0
DA:28,1
DA:29,1
DA:30,1
DA:31,1
DA:33,1
DA:34,0
DA:37,1
DA:44,1
DA:46,1
DA:48,0
DA:49,0
DA:53,1
DA:54,1
DA:55,1
DA:56,1
DA:58,1
DA:60,1
DA:61,0
DA:64,1
DA:66,1
DA:67,1
DA:68,1
DA:69,1
DA:71,1
DA:73,1
DA:75,1
DA:77,0
DA:81,1
DA:82,1
DA:83,1
DA:84,1
DA:86,1
DA:91,1
DA:92,0
DA:94,1
DA:96,1
DA:98,0
LF:49
LH:39
BRDA:11,0,0,0
BRDA:11,0,1,1
BRDA:33,1,0,0
BRDA:33,1,1,1
BRDA:33,2,0,1
BRDA:33,2,1,1
BRDA:60,3,0,0
BRDA:60,3,1,1
BRDA:66,4,0,1
BRDA:66,4,1,0
BRDA:67,5,0,0
BRDA:67,5,1,1
BRDA:68,6,0,0
BRDA:68,6,1,1
BRDA:69,7,0,0
BRDA:69,7,1,1
BRDA:91,8,0,0
BRDA:91,8,1,1
BRF:18
BRH:10
end_of_record
TN:
SF:db/db.ts
FN:5,(anonymous_0)
FNF:1
FNH:0
FNDA:0,(anonymous_0)
DA:4,1
DA:5,1
DA:6,0
DA:7,0
DA:8,0
DA:10,0
DA:11,0
LF:7
LH:2
BRDA:4,0,0,1
BRDA:4,0,1,0
BRF:2
BRH:1
end_of_record
TN:
SF:middleware/authMiddleware.ts
FN:6,(anonymous_0)
FNF:1
FNH:1
FNDA:9,(anonymous_0)
DA:4,1
DA:6,1
DA:7,9
DA:8,9
DA:10,9
DA:11,1
DA:14,8
DA:15,8
DA:17,8
DA:19,8
DA:21,0
LF:11
LH:10
BRDA:10,0,0,1
BRDA:10,0,1,8
BRDA:10,1,0,9
BRDA:10,1,1,8
BRF:4
BRH:4
end_of_record
TN:
SF:models/taskModel.ts
FN:16,(anonymous_0)
FNF:1
FNH:1
FNDA:5,(anonymous_0)
DA:3,1
DA:17,5
DA:32,1
DA:33,1
LF:4
LH:4
BRF:0
BRH:0
end_of_record
TN:
SF:models/userModel.ts
FN:22,(anonymous_0)
FN:27,(anonymous_1)
FNF:2
FNH:2
FNDA:10,(anonymous_0)
FNDA:2,(anonymous_1)
DA:4,2
DA:6,2
DA:22,2
DA:23,10
DA:24,10
DA:27,2
DA:28,2
DA:31,2
LF:8
LH:8
BRDA:23,0,0,0
BRDA:23,0,1,10
BRF:2
BRH:1
end_of_record
TN:
SF:routes/authRoute.ts
FNF:0
FNH:0
DA:4,2
DA:7,2
DA:8,2
LF:3
LH:3
BRF:0
BRH:0
end_of_record
TN:
SF:routes/taskRoutes.ts
FNF:0
FNH:0
DA:5,1
DA:7,1
DA:9,1
DA:11,1
DA:13,1
DA:15,1
LF:6
LH:6
BRF:0
BRH:0
end_of_record
TN:
SF:utils/redis.ts
FN:7,(anonymous_0)
FN:9,(anonymous_1)
FN:10,(anonymous_2)
FN:11,(anonymous_3)
FN:12,(anonymous_4)
FN:19,(anonymous_5)
FN:24,(anonymous_6)
FN:31,(anonymous_7)
FN:36,(anonymous_8)
FN:40,(anonymous_9)
FNF:10
FNH:6
FNDA:0,(anonymous_0)
FNDA:0,(anonymous_1)
FNDA:1,(anonymous_2)
FNDA:1,(anonymous_3)
FNDA:3,(anonymous_4)
FNDA:0,(anonymous_5)
FNDA:0,(anonymous_6)
FNDA:1,(anonymous_7)
FNDA:1,(anonymous_8)
FNDA:3,(anonymous_9)
DA:5,1
DA:6,1
DA:10,1
DA:15,0
DA:19,0
DA:20,0
DA:24,1
DA:25,0
DA:26,0
DA:27,0
DA:31,1
DA:32,1
DA:33,1
DA:36,1
DA:37,1
DA:40,1
DA:41,3
LF:17
LH:11
BRDA:5,0,0,1
BRDA:5,0,1,0
BRDA:16,1,0,0
BRDA:16,1,1,0
BRDA:25,2,0,0
BRDA:25,2,1,0
BRDA:33,3,0,0
BRDA:33,3,1,1
BRDA:36,4,0,0
BRF:9
BRH:2
end_of_record
